{
  "RSpec": {
    "coverage": {
      "/app/app/decorators/purchase_decorator.rb": {
        "lines": [
          1,
          1,
          null,
          1,
          1,
          null,
          1,
          null,
          null,
          1,
          1,
          null,
          1,
          null,
          null
        ]
      },
      "/app/app/decorators/application_decorator.rb": {
        "lines": [
          1,
          null,
          null,
          null,
          null,
          null,
          null,
          null
        ]
      },
      "/app/app/models/purchase.rb": {
        "lines": [
          1,
          1,
          null,
          1,
          1,
          null,
          1,
          1,
          null
        ]
      },
      "/app/app/models/application_record.rb": {
        "lines": [
          1,
          1,
          null
        ]
      },
      "/app/app/models/item.rb": {
        "lines": [
          1,
          1,
          null,
          1,
          null
        ]
      },
      "/app/app/models/merchant.rb": {
        "lines": [
          1,
          1,
          null,
          1,
          null
        ]
      }
    },
    "timestamp": 1627972791
  }
}
