{
  "RSpec": {
    "coverage": {
      "/app/app/models/item.rb": {
        "lines": [
          1,
          1,
          null,
          1,
          null
        ]
      },
      "/app/app/models/application_record.rb": {
        "lines": [
          1,
          1,
          null
        ]
      },
      "/app/spec/models/merchant_spec.rb": {
        "lines": [
          1,
          null,
          1,
          1,
          2,
          2,
          null,
          null,
          1,
          2,
          null,
          null
        ]
      },
      "/app/app/models/merchant.rb": {
        "lines": [
          1,
          1,
          null,
          1,
          null
        ]
      },
      "/app/spec/models/purchase_spec.rb": {
        "lines": [
          1,
          null,
          1,
          1,
          2,
          2,
          null,
          null,
          1,
          2,
          2,
          null,
          null
        ]
      },
      "/app/app/models/purchase.rb": {
        "lines": [
          1,
          1,
          null,
          1,
          1,
          null
        ]
      }
    },
    "timestamp": 1627411833
  }
}
